<?xml version="1.0" encoding="UTF-8"?>
<testsuite name="SheepTests" tests="1" skipped="0" failures="0" errors="0" timestamp="2023-09-20T20:10:12" hostname="DESKTOP-90E2618" time="0.001">
  <properties/>
  <testcase name="testSolution" classname="SheepTests" time="0.001"/>
  <system-out><![CDATA[]]></system-out>
  <system-err><![CDATA[]]></system-err>
</testsuite>
